<?xml version="1.0" encoding="UTF-8"?>
<coverage generated="1775128793">
  <project timestamp="1775128793" name="Clover Coverage">
    <package name="App\ApiResource\Artist">
      <file name="/app/src/ApiResource/Artist/ArtistCreateInput.php">
        <class name="App\ApiResource\Artist\ArtistCreateInput" namespace="App\ApiResource\Artist">
          <metrics complexity="0" methods="0" coveredmethods="0" conditionals="0" coveredconditionals="0" statements="0" coveredstatements="0" elements="0" coveredelements="0"/>
        </class>
        <metrics loc="25" ncloc="19" classes="0" methods="0" coveredmethods="0" conditionals="0" coveredconditionals="0" statements="0" coveredstatements="0" elements="0" coveredelements="0"/>
      </file>
      <file name="/app/src/ApiResource/Artist/ArtistSourceDto.php">
        <class name="App\ApiResource\Artist\ArtistSourceDto" namespace="App\ApiResource\Artist">
          <metrics complexity="1" methods="1" coveredmethods="1" conditionals="0" coveredconditionals="0" statements="2" coveredstatements="2" elements="3" coveredelements="3"/>
        </class>
        <line num="22" type="method" name="__construct" visibility="public" complexity="1" crap="1" count="5"/>
        <line num="24" type="stmt" count="5"/>
        <line num="25" type="stmt" count="5"/>
        <metrics loc="28" ncloc="28" classes="1" methods="1" coveredmethods="1" conditionals="0" coveredconditionals="0" statements="2" coveredstatements="2" elements="3" coveredelements="3"/>
      </file>
      <file name="/app/src/ApiResource/Artist/ArtistUpdateInput.php">
        <class name="App\ApiResource\Artist\ArtistUpdateInput" namespace="App\ApiResource\Artist">
          <metrics complexity="0" methods="0" coveredmethods="0" conditionals="0" coveredconditionals="0" statements="0" coveredstatements="0" elements="0" coveredelements="0"/>
        </class>
        <metrics loc="24" ncloc="18" classes="0" methods="0" coveredmethods="0" conditionals="0" coveredconditionals="0" statements="0" coveredstatements="0" elements="0" coveredelements="0"/>
      </file>
    </package>
    <package name="App\ApiResource\Auth">
      <file name="/app/src/ApiResource/Auth/AuthRequestInput.php">
        <class name="App\ApiResource\Auth\AuthRequestInput" namespace="App\ApiResource\Auth">
          <metrics complexity="1" methods="1" coveredmethods="1" conditionals="0" coveredconditionals="0" statements="1" coveredstatements="1" elements="2" coveredelements="2"/>
        </class>
        <line num="26" type="method" name="__construct" visibility="public" complexity="1" crap="1" count="2"/>
        <line num="31" type="stmt" count="2"/>
        <metrics loc="33" ncloc="33" classes="1" methods="1" coveredmethods="1" conditionals="0" coveredconditionals="0" statements="1" coveredstatements="1" elements="2" coveredelements="2"/>
      </file>
      <file name="/app/src/ApiResource/Auth/AuthRequestOutput.php">
        <class name="App\ApiResource\Auth\AuthRequestOutput" namespace="App\ApiResource\Auth">
          <metrics complexity="0" methods="0" coveredmethods="0" conditionals="0" coveredconditionals="0" statements="0" coveredstatements="0" elements="0" coveredelements="0"/>
        </class>
        <metrics loc="17" ncloc="14" classes="0" methods="0" coveredmethods="0" conditionals="0" coveredconditionals="0" statements="0" coveredstatements="0" elements="0" coveredelements="0"/>
      </file>
      <file name="/app/src/ApiResource/Auth/AuthVerificationInput.php">
        <class name="App\ApiResource\Auth\AuthVerificationInput" namespace="App\ApiResource\Auth">
          <metrics complexity="1" methods="1" coveredmethods="1" conditionals="0" coveredconditionals="0" statements="1" coveredstatements="1" elements="2" coveredelements="2"/>
        </class>
        <line num="48" type="method" name="__construct" visibility="public" complexity="1" crap="1" count="3"/>
        <line num="57" type="stmt" count="3"/>
        <metrics loc="59" ncloc="59" classes="1" methods="1" coveredmethods="1" conditionals="0" coveredconditionals="0" statements="1" coveredstatements="1" elements="2" coveredelements="2"/>
      </file>
      <file name="/app/src/ApiResource/Auth/AuthVerificationOutput.php">
        <class name="App\ApiResource\Auth\AuthVerificationOutput" namespace="App\ApiResource\Auth">
          <metrics complexity="0" methods="0" coveredmethods="0" conditionals="0" coveredconditionals="0" statements="0" coveredstatements="0" elements="0" coveredelements="0"/>
        </class>
        <metrics loc="24" ncloc="21" classes="0" methods="0" coveredmethods="0" conditionals="0" coveredconditionals="0" statements="0" coveredstatements="0" elements="0" coveredelements="0"/>
      </file>
    </package>
    <package name="App\ApiResource\Comment">
      <file name="/app/src/ApiResource/Comment/CommentCreateInput.php">
        <class name="App\ApiResource\Comment\CommentCreateInput" namespace="App\ApiResource\Comment">
          <metrics complexity="0" methods="0" coveredmethods="0" conditionals="0" coveredconditionals="0" statements="0" coveredstatements="0" elements="0" coveredelements="0"/>
        </class>
        <metrics loc="20" ncloc="17" classes="0" methods="0" coveredmethods="0" conditionals="0" coveredconditionals="0" statements="0" coveredstatements="0" elements="0" coveredelements="0"/>
      </file>
    </package>
    <package name="App\ApiResource\Conversation">
      <file name="/app/src/ApiResource/Conversation/AddParticipantsInput.php">
        <class name="App\ApiResource\Conversation\AddParticipantsInput" namespace="App\ApiResource\Conversation">
          <metrics complexity="1" methods="1" coveredmethods="1" conditionals="0" coveredconditionals="0" statements="1" coveredstatements="1" elements="2" coveredelements="2"/>
        </class>
        <line num="12" type="method" name="__construct" visibility="public" complexity="1" crap="1" count="3"/>
        <line num="27" type="stmt" count="3"/>
        <metrics loc="29" ncloc="26" classes="1" methods="1" coveredmethods="1" conditionals="0" coveredconditionals="0" statements="1" coveredstatements="1" elements="2" coveredelements="2"/>
      </file>
      <file name="/app/src/ApiResource/Conversation/ConversationCreateInput.php">
        <class name="App\ApiResource\Conversation\ConversationCreateInput" namespace="App\ApiResource\Conversation">
          <metrics complexity="1" methods="1" coveredmethods="1" conditionals="0" coveredconditionals="0" statements="1" coveredstatements="1" elements="2" coveredelements="2"/>
        </class>
        <line num="12" type="method" name="__construct" visibility="public" complexity="1" crap="1" count="4"/>
        <line num="31" type="stmt" count="4"/>
        <metrics loc="33" ncloc="30" classes="1" methods="1" coveredmethods="1" conditionals="0" coveredconditionals="0" statements="1" coveredstatements="1" elements="2" coveredelements="2"/>
      </file>
      <file name="/app/src/ApiResource/Conversation/RemoveParticipantsInput.php">
        <class name="App\ApiResource\Conversation\RemoveParticipantsInput" namespace="App\ApiResource\Conversation">
          <metrics complexity="1" methods="1" coveredmethods="1" conditionals="0" coveredconditionals="0" statements="1" coveredstatements="1" elements="2" coveredelements="2"/>
        </class>
        <line num="11" type="method" name="__construct" visibility="public" complexity="1" crap="1" count="3"/>
        <line num="20" type="stmt" count="3"/>
        <metrics loc="22" ncloc="19" classes="1" methods="1" coveredmethods="1" conditionals="0" coveredconditionals="0" statements="1" coveredstatements="1" elements="2" coveredelements="2"/>
      </file>
    </package>
    <package name="App\ApiResource\Feed">
      <file name="/app/src/ApiResource/Feed/FeedInput.php">
        <class name="App\ApiResource\Feed\FeedInput" namespace="App\ApiResource\Feed">
          <metrics complexity="1" methods="1" coveredmethods="1" conditionals="0" coveredconditionals="0" statements="1" coveredstatements="1" elements="2" coveredelements="2"/>
        </class>
        <line num="40" type="method" name="__construct" visibility="public" complexity="1" crap="1" count="2"/>
        <line num="42" type="stmt" count="2"/>
        <metrics loc="44" ncloc="44" classes="1" methods="1" coveredmethods="1" conditionals="0" coveredconditionals="0" statements="1" coveredstatements="1" elements="2" coveredelements="2"/>
      </file>
    </package>
    <package name="App\ApiResource\Follow">
      <file name="/app/src/ApiResource/Follow/FollowOutput.php">
        <class name="App\ApiResource\Follow\FollowOutput" namespace="App\ApiResource\Follow">
          <metrics complexity="0" methods="0" coveredmethods="0" conditionals="0" coveredconditionals="0" statements="0" coveredstatements="0" elements="0" coveredelements="0"/>
        </class>
        <metrics loc="17" ncloc="14" classes="0" methods="0" coveredmethods="0" conditionals="0" coveredconditionals="0" statements="0" coveredstatements="0" elements="0" coveredelements="0"/>
      </file>
    </package>
    <package name="App\ApiResource\Like">
      <file name="/app/src/ApiResource/Like/LikeCreateInput.php">
        <class name="App\ApiResource\Like\LikeCreateInput" namespace="App\ApiResource\Like">
          <metrics complexity="0" methods="0" coveredmethods="0" conditionals="0" coveredconditionals="0" statements="0" coveredstatements="0" elements="0" coveredelements="0"/>
        </class>
        <metrics loc="22" ncloc="19" classes="0" methods="0" coveredmethods="0" conditionals="0" coveredconditionals="0" statements="0" coveredstatements="0" elements="0" coveredelements="0"/>
      </file>
    </package>
    <package name="App\ApiResource\Mercure">
      <file name="/app/src/ApiResource/Mercure/MercureTokenOutput.php">
        <class name="App\ApiResource\Mercure\MercureTokenOutput" namespace="App\ApiResource\Mercure">
          <metrics complexity="0" methods="0" coveredmethods="0" conditionals="0" coveredconditionals="0" statements="0" coveredstatements="0" elements="0" coveredelements="0"/>
        </class>
        <metrics loc="41" ncloc="37" classes="0" methods="0" coveredmethods="0" conditionals="0" coveredconditionals="0" statements="0" coveredstatements="0" elements="0" coveredelements="0"/>
      </file>
    </package>
    <package name="App\ApiResource\Message">
      <file name="/app/src/ApiResource/Message/MercureMessageOutput.php">
        <class name="App\ApiResource\Message\MercureMessageOutput" namespace="App\ApiResource\Message">
          <metrics complexity="2" methods="2" coveredmethods="2" conditionals="0" coveredconditionals="0" statements="18" coveredstatements="18" elements="20" coveredelements="20"/>
        </class>
        <line num="15" type="method" name="__construct" visibility="public" complexity="1" crap="1" count="4"/>
        <line num="17" type="stmt" count="4"/>
        <line num="18" type="stmt" count="4"/>
        <line num="21" type="method" name="toJson" visibility="public" complexity="1" crap="1" count="3"/>
        <line num="23" type="stmt" count="3"/>
        <line num="25" type="stmt" count="3"/>
        <line num="26" type="stmt" count="3"/>
        <line num="27" type="stmt" count="3"/>
        <line num="28" type="stmt" count="3"/>
        <line num="29" type="stmt" count="3"/>
        <line num="30" type="stmt" count="3"/>
        <line num="31" type="stmt" count="3"/>
        <line num="32" type="stmt" count="3"/>
        <line num="33" type="stmt" count="3"/>
        <line num="34" type="stmt" count="3"/>
        <line num="35" type="stmt" count="3"/>
        <line num="36" type="stmt" count="3"/>
        <line num="37" type="stmt" count="3"/>
        <line num="38" type="stmt" count="3"/>
        <line num="39" type="stmt" count="3"/>
        <metrics loc="42" ncloc="42" classes="1" methods="2" coveredmethods="2" conditionals="0" coveredconditionals="0" statements="18" coveredstatements="18" elements="20" coveredelements="20"/>
      </file>
      <file name="/app/src/ApiResource/Message/MessageCreateInput.php">
        <class name="App\ApiResource\Message\MessageCreateInput" namespace="App\ApiResource\Message">
          <metrics complexity="0" methods="0" coveredmethods="0" conditionals="0" coveredconditionals="0" statements="0" coveredstatements="0" elements="0" coveredelements="0"/>
        </class>
        <metrics loc="21" ncloc="18" classes="0" methods="0" coveredmethods="0" conditionals="0" coveredconditionals="0" statements="0" coveredstatements="0" elements="0" coveredelements="0"/>
      </file>
      <file name="/app/src/ApiResource/Message/MessageUpdateInput.php">
        <class name="App\ApiResource\Message\MessageUpdateInput" namespace="App\ApiResource\Message">
          <metrics complexity="0" methods="0" coveredmethods="0" conditionals="0" coveredconditionals="0" statements="0" coveredstatements="0" elements="0" coveredelements="0"/>
        </class>
        <metrics loc="25" ncloc="22" classes="0" methods="0" coveredmethods="0" conditionals="0" coveredconditionals="0" statements="0" coveredstatements="0" elements="0" coveredelements="0"/>
      </file>
    </package>
    <package name="App\ApiResource\PlatformAuth\Spotify">
      <file name="/app/src/ApiResource/PlatformAuth/Spotify/AuthSpotifyCallbackOutput.php">
        <class name="App\ApiResource\PlatformAuth\Spotify\AuthSpotifyCallbackOutput" namespace="App\ApiResource\PlatformAuth\Spotify">
          <metrics complexity="0" methods="0" coveredmethods="0" conditionals="0" coveredconditionals="0" statements="0" coveredstatements="0" elements="0" coveredelements="0"/>
        </class>
        <metrics loc="37" ncloc="34" classes="0" methods="0" coveredmethods="0" conditionals="0" coveredconditionals="0" statements="0" coveredstatements="0" elements="0" coveredelements="0"/>
      </file>
      <file name="/app/src/ApiResource/PlatformAuth/Spotify/AuthSpotifyOutput.php">
        <class name="App\ApiResource\PlatformAuth\Spotify\AuthSpotifyOutput" namespace="App\ApiResource\PlatformAuth\Spotify">
          <metrics complexity="0" methods="0" coveredmethods="0" conditionals="0" coveredconditionals="0" statements="0" coveredstatements="0" elements="0" coveredelements="0"/>
        </class>
        <metrics loc="37" ncloc="34" classes="0" methods="0" coveredmethods="0" conditionals="0" coveredconditionals="0" statements="0" coveredstatements="0" elements="0" coveredelements="0"/>
      </file>
    </package>
    <package name="App\ApiResource\Post">
      <file name="/app/src/ApiResource/Post/PostCreateInput.php">
        <class name="App\ApiResource\Post\PostCreateInput" namespace="App\ApiResource\Post">
          <metrics complexity="0" methods="0" coveredmethods="0" conditionals="0" coveredconditionals="0" statements="0" coveredstatements="0" elements="0" coveredelements="0"/>
        </class>
        <metrics loc="54" ncloc="51" classes="0" methods="0" coveredmethods="0" conditionals="0" coveredconditionals="0" statements="0" coveredstatements="0" elements="0" coveredelements="0"/>
      </file>
    </package>
    <package name="App\ApiResource\Report">
      <file name="/app/src/ApiResource/Report/ReportCreateInput.php">
        <class name="App\ApiResource\Report\ReportCreateInput" namespace="App\ApiResource\Report">
          <metrics complexity="0" methods="0" coveredmethods="0" conditionals="0" coveredconditionals="0" statements="0" coveredstatements="0" elements="0" coveredelements="0"/>
        </class>
        <metrics loc="29" ncloc="26" classes="0" methods="0" coveredmethods="0" conditionals="0" coveredconditionals="0" statements="0" coveredstatements="0" elements="0" coveredelements="0"/>
      </file>
      <file name="/app/src/ApiResource/Report/ReportReasonOutput.php">
        <class name="App\ApiResource\Report\ReportReasonOutput" namespace="App\ApiResource\Report">
          <metrics complexity="1" methods="1" coveredmethods="1" conditionals="0" coveredconditionals="0" statements="2" coveredstatements="2" elements="3" coveredelements="3"/>
        </class>
        <line num="19" type="method" name="__construct" visibility="public" complexity="1" crap="1" count="5"/>
        <line num="21" type="stmt" count="5"/>
        <line num="22" type="stmt" count="5"/>
        <metrics loc="25" ncloc="25" classes="1" methods="1" coveredmethods="1" conditionals="0" coveredconditionals="0" statements="2" coveredstatements="2" elements="3" coveredelements="3"/>
      </file>
    </package>
    <package name="App\ApiResource\Spotify">
      <file name="/app/src/ApiResource/Spotify/AlbumDTO.php">
        <class name="App\ApiResource\Spotify\AlbumDTO" namespace="App\ApiResource\Spotify">
          <metrics complexity="1" methods="1" coveredmethods="1" conditionals="0" coveredconditionals="0" statements="1" coveredstatements="1" elements="2" coveredelements="2"/>
        </class>
        <line num="9" type="method" name="__construct" visibility="public" complexity="1" crap="1" count="3"/>
        <line num="23" type="stmt" count="3"/>
        <metrics loc="25" ncloc="23" classes="1" methods="1" coveredmethods="1" conditionals="0" coveredconditionals="0" statements="1" coveredstatements="1" elements="2" coveredelements="2"/>
      </file>
      <file name="/app/src/ApiResource/Spotify/ArtistDTO.php">
        <class name="App\ApiResource\Spotify\ArtistDTO" namespace="App\ApiResource\Spotify">
          <metrics complexity="1" methods="1" coveredmethods="1" conditionals="0" coveredconditionals="0" statements="1" coveredstatements="1" elements="2" coveredelements="2"/>
        </class>
        <line num="9" type="method" name="__construct" visibility="public" complexity="1" crap="1" count="3"/>
        <line num="19" type="stmt" count="3"/>
        <metrics loc="21" ncloc="20" classes="1" methods="1" coveredmethods="1" conditionals="0" coveredconditionals="0" statements="1" coveredstatements="1" elements="2" coveredelements="2"/>
      </file>
      <file name="/app/src/ApiResource/Spotify/PlaylistDTO.php">
        <class name="App\ApiResource\Spotify\PlaylistDTO" namespace="App\ApiResource\Spotify">
          <metrics complexity="1" methods="1" coveredmethods="1" conditionals="0" coveredconditionals="0" statements="1" coveredstatements="1" elements="2" coveredelements="2"/>
        </class>
        <line num="9" type="method" name="__construct" visibility="public" complexity="1" crap="1" count="3"/>
        <line num="20" type="stmt" count="3"/>
        <metrics loc="22" ncloc="21" classes="1" methods="1" coveredmethods="1" conditionals="0" coveredconditionals="0" statements="1" coveredstatements="1" elements="2" coveredelements="2"/>
      </file>
      <file name="/app/src/ApiResource/Spotify/TrackDTO.php">
        <class name="App\ApiResource\Spotify\TrackDTO" namespace="App\ApiResource\Spotify">
          <metrics complexity="1" methods="1" coveredmethods="1" conditionals="0" coveredconditionals="0" statements="1" coveredstatements="1" elements="2" coveredelements="2"/>
        </class>
        <line num="9" type="method" name="__construct" visibility="public" complexity="1" crap="1" count="3"/>
        <line num="22" type="stmt" count="3"/>
        <metrics loc="24" ncloc="23" classes="1" methods="1" coveredmethods="1" conditionals="0" coveredconditionals="0" statements="1" coveredstatements="1" elements="2" coveredelements="2"/>
      </file>
      <file name="/app/src/ApiResource/Spotify/UserProfileDTO.php">
        <class name="App\ApiResource\Spotify\UserProfileDTO" namespace="App\ApiResource\Spotify">
          <metrics complexity="1" methods="1" coveredmethods="1" conditionals="0" coveredconditionals="0" statements="1" coveredstatements="1" elements="2" coveredelements="2"/>
        </class>
        <line num="9" type="method" name="__construct" visibility="public" complexity="1" crap="1" count="3"/>
        <line num="18" type="stmt" count="3"/>
        <metrics loc="20" ncloc="20" classes="1" methods="1" coveredmethods="1" conditionals="0" coveredconditionals="0" statements="1" coveredstatements="1" elements="2" coveredelements="2"/>
      </file>
    </package>
    <package name="App\ApiResource\Track">
      <file name="/app/src/ApiResource/Track/TrackCreateInput.php">
        <class name="App\ApiResource\Track\TrackCreateInput" namespace="App\ApiResource\Track">
          <metrics complexity="0" methods="0" coveredmethods="0" conditionals="0" coveredconditionals="0" statements="0" coveredstatements="0" elements="0" coveredelements="0"/>
        </class>
        <metrics loc="38" ncloc="35" classes="0" methods="0" coveredmethods="0" conditionals="0" coveredconditionals="0" statements="0" coveredstatements="0" elements="0" coveredelements="0"/>
      </file>
      <file name="/app/src/ApiResource/Track/TrackGetOutput.php">
        <class name="App\ApiResource\Track\TrackGetOutput" namespace="App\ApiResource\Track">
          <metrics complexity="1" methods="1" coveredmethods="1" conditionals="0" coveredconditionals="0" statements="10" coveredstatements="10" elements="11" coveredelements="11"/>
        </class>
        <line num="35" type="method" name="fromEntity" visibility="public" complexity="1" crap="1" count="2"/>
        <line num="37" type="stmt" count="2"/>
        <line num="38" type="stmt" count="2"/>
        <line num="39" type="stmt" count="2"/>
        <line num="40" type="stmt" count="2"/>
        <line num="41" type="stmt" count="2"/>
        <line num="42" type="stmt" count="2"/>
        <line num="43" type="stmt" count="2"/>
        <line num="44" type="stmt" count="2"/>
        <line num="45" type="stmt" count="2"/>
        <line num="47" type="stmt" count="2"/>
        <metrics loc="50" ncloc="50" classes="1" methods="1" coveredmethods="1" conditionals="0" coveredconditionals="0" statements="10" coveredstatements="10" elements="11" coveredelements="11"/>
      </file>
      <file name="/app/src/ApiResource/Track/TrackSourceDto.php">
        <class name="App\ApiResource\Track\TrackSourceDto" namespace="App\ApiResource\Track">
          <metrics complexity="1" methods="1" coveredmethods="1" conditionals="0" coveredconditionals="0" statements="3" coveredstatements="3" elements="4" coveredelements="4"/>
        </class>
        <line num="40" type="method" name="__construct" visibility="public" complexity="1" crap="1" count="5"/>
        <line num="42" type="stmt" count="5"/>
        <line num="43" type="stmt" count="5"/>
        <line num="44" type="stmt" count="5"/>
        <metrics loc="47" ncloc="41" classes="1" methods="1" coveredmethods="1" conditionals="0" coveredconditionals="0" statements="3" coveredstatements="3" elements="4" coveredelements="4"/>
      </file>
      <file name="/app/src/ApiResource/Track/TrackUpdateInput.php">
        <class name="App\ApiResource\Track\TrackUpdateInput" namespace="App\ApiResource\Track">
          <metrics complexity="0" methods="0" coveredmethods="0" conditionals="0" coveredconditionals="0" statements="0" coveredstatements="0" elements="0" coveredelements="0"/>
        </class>
        <metrics loc="35" ncloc="32" classes="0" methods="0" coveredmethods="0" conditionals="0" coveredconditionals="0" statements="0" coveredstatements="0" elements="0" coveredelements="0"/>
      </file>
    </package>
    <package name="App\ApiResource\User">
      <file name="/app/src/ApiResource/User/UserDeviceTokenInput.php">
        <class name="App\ApiResource\User\UserDeviceTokenInput" namespace="App\ApiResource\User">
          <metrics complexity="0" methods="0" coveredmethods="0" conditionals="0" coveredconditionals="0" statements="0" coveredstatements="0" elements="0" coveredelements="0"/>
        </class>
        <metrics loc="11" ncloc="11" classes="0" methods="0" coveredmethods="0" conditionals="0" coveredconditionals="0" statements="0" coveredstatements="0" elements="0" coveredelements="0"/>
      </file>
      <file name="/app/src/ApiResource/User/UserFollowOutput.php">
        <class name="App\ApiResource\User\UserFollowOutput" namespace="App\ApiResource\User">
          <metrics complexity="1" methods="1" coveredmethods="1" conditionals="0" coveredconditionals="0" statements="1" coveredstatements="1" elements="2" coveredelements="2"/>
        </class>
        <line num="9" type="method" name="__construct" visibility="public" complexity="1" crap="1" count="3"/>
        <line num="14" type="stmt" count="3"/>
        <metrics loc="16" ncloc="16" classes="1" methods="1" coveredmethods="1" conditionals="0" coveredconditionals="0" statements="1" coveredstatements="1" elements="2" coveredelements="2"/>
      </file>
      <file name="/app/src/ApiResource/User/UserPatchInput.php">
        <class name="App\ApiResource\User\UserPatchInput" namespace="App\ApiResource\User">
          <metrics complexity="0" methods="0" coveredmethods="0" conditionals="0" coveredconditionals="0" statements="0" coveredstatements="0" elements="0" coveredelements="0"/>
        </class>
        <metrics loc="22" ncloc="19" classes="0" methods="0" coveredmethods="0" conditionals="0" coveredconditionals="0" statements="0" coveredstatements="0" elements="0" coveredelements="0"/>
      </file>
    </package>
    <package name="App\Constants">
      <file name="/app/src/Constants/RedisKeys.php">
        <class name="App\Constants\RedisKeys" namespace="App\Constants">
          <metrics complexity="0" methods="0" coveredmethods="0" conditionals="0" coveredconditionals="0" statements="0" coveredstatements="0" elements="0" coveredelements="0"/>
        </class>
        <metrics loc="17" ncloc="13" classes="0" methods="0" coveredmethods="0" conditionals="0" coveredconditionals="0" statements="0" coveredstatements="0" elements="0" coveredelements="0"/>
      </file>
    </package>
    <package name="App\Entity">
      <file name="/app/src/Entity/Artist.php">
        <class name="App\Entity\Artist" namespace="App\Entity">
          <metrics complexity="12" methods="0" coveredmethods="0" conditionals="0" coveredconditionals="0" statements="0" coveredstatements="0" elements="0" coveredelements="0"/>
        </class>
        <metrics loc="173" ncloc="155" classes="0" methods="0" coveredmethods="0" conditionals="0" coveredconditionals="0" statements="0" coveredstatements="0" elements="0" coveredelements="0"/>
      </file>
      <file name="/app/src/Entity/ArtistSource.php">
        <class name="App\Entity\ArtistSource" namespace="App\Entity">
          <metrics complexity="7" methods="7" coveredmethods="7" conditionals="0" coveredconditionals="0" statements="10" coveredstatements="10" elements="17" coveredelements="17"/>
        </class>
        <line num="55" type="method" name="getId" visibility="public" complexity="1" crap="1" count="1"/>
        <line num="57" type="stmt" count="1"/>
        <line num="60" type="method" name="getArtist" visibility="public" complexity="1" crap="1" count="2"/>
        <line num="62" type="stmt" count="2"/>
        <line num="65" type="method" name="setArtist" visibility="public" complexity="1" crap="1" count="2"/>
        <line num="67" type="stmt" count="2"/>
        <line num="69" type="stmt" count="2"/>
        <line num="72" type="method" name="getPlatform" visibility="public" complexity="1" crap="1" count="1"/>
        <line num="74" type="stmt" count="1"/>
        <line num="77" type="method" name="setPlatform" visibility="public" complexity="1" crap="1" count="1"/>
        <line num="79" type="stmt" count="1"/>
        <line num="81" type="stmt" count="1"/>
        <line num="84" type="method" name="getPlatformArtistId" visibility="public" complexity="1" crap="1" count="1"/>
        <line num="86" type="stmt" count="1"/>
        <line num="89" type="method" name="setPlatformArtistId" visibility="public" complexity="1" crap="1" count="1"/>
        <line num="91" type="stmt" count="1"/>
        <line num="93" type="stmt" count="1"/>
        <metrics loc="96" ncloc="92" classes="1" methods="7" coveredmethods="7" conditionals="0" coveredconditionals="0" statements="10" coveredstatements="10" elements="17" coveredelements="17"/>
      </file>
      <file name="/app/src/Entity/Comment.php">
        <class name="App\Entity\Comment" namespace="App\Entity">
          <metrics complexity="11" methods="7" coveredmethods="7" conditionals="0" coveredconditionals="0" statements="12" coveredstatements="12" elements="19" coveredelements="19"/>
        </class>
        <line num="101" type="method" name="getId" visibility="public" complexity="1" crap="1" count="1"/>
        <line num="103" type="stmt" count="1"/>
        <line num="106" type="method" name="getPost" visibility="public" complexity="1" crap="1" count="1"/>
        <line num="108" type="stmt" count="1"/>
        <line num="111" type="method" name="setPost" visibility="public" complexity="2" crap="2" count="3"/>
        <line num="113" type="stmt" count="3"/>
        <line num="114" type="stmt" count="3"/>
        <line num="115" type="stmt" count="3"/>
        <line num="118" type="stmt" count="3"/>
        <line num="121" type="method" name="getUser" visibility="public" complexity="1" crap="1" count="1"/>
        <line num="123" type="stmt" count="1"/>
        <line num="126" type="method" name="setUser" visibility="public" complexity="1" crap="1" count="1"/>
        <line num="128" type="stmt" count="1"/>
        <line num="130" type="stmt" count="1"/>
        <line num="133" type="method" name="getContent" visibility="public" complexity="1" crap="1" count="1"/>
        <line num="135" type="stmt" count="1"/>
        <line num="138" type="method" name="setContent" visibility="public" complexity="1" crap="1" count="1"/>
        <line num="140" type="stmt" count="1"/>
        <line num="142" type="stmt" count="1"/>
        <metrics loc="177" ncloc="168" classes="1" methods="7" coveredmethods="7" conditionals="0" coveredconditionals="0" statements="12" coveredstatements="12" elements="19" coveredelements="19"/>
      </file>
      <file name="/app/src/Entity/Conversation.php">
        <class name="App\Entity\Conversation" namespace="App\Entity">
          <metrics complexity="30" methods="22" coveredmethods="22" conditionals="0" coveredconditionals="0" statements="52" coveredstatements="52" elements="74" coveredelements="74"/>
        </class>
        <line num="126" type="method" name="__construct" visibility="public" complexity="1" crap="1" count="22"/>
        <line num="128" type="stmt" count="22"/>
        <line num="129" type="stmt" count="22"/>
        <line num="132" type="method" name="getId" visibility="public" complexity="1" crap="1" count="5"/>
        <line num="134" type="stmt" count="5"/>
        <line num="137" type="method" name="getIsGroup" visibility="public" complexity="1" crap="1" count="3"/>
        <line num="139" type="stmt" count="3"/>
        <line num="142" type="method" name="setIsGroup" visibility="public" complexity="1" crap="1" count="2"/>
        <line num="144" type="stmt" count="2"/>
        <line num="146" type="stmt" count="2"/>
        <line num="149" type="method" name="getGroupName" visibility="public" complexity="1" crap="1" count="2"/>
        <line num="151" type="stmt" count="2"/>
        <line num="154" type="method" name="setGroupName" visibility="public" complexity="1" crap="1" count="1"/>
        <line num="156" type="stmt" count="1"/>
        <line num="158" type="stmt" count="1"/>
        <line num="162" type="method" name="getParticipants" visibility="public" complexity="1" crap="1" count="2"/>
        <line num="164" type="stmt" count="2"/>
        <line num="167" type="method" name="addParticipant" visibility="public" complexity="2" crap="2" count="7"/>
        <line num="169" type="stmt" count="7"/>
        <line num="170" type="stmt" count="7"/>
        <line num="171" type="stmt" count="7"/>
        <line num="174" type="stmt" count="7"/>
        <line num="177" type="method" name="removeParticipant" visibility="public" complexity="3" crap="3" count="1"/>
        <line num="179" type="stmt" count="1"/>
        <line num="180" type="stmt" count="1"/>
        <line num="181" type="stmt" count="1"/>
        <line num="185" type="stmt" count="1"/>
        <line num="189" type="method" name="getMessages" visibility="public" complexity="1" crap="1" count="1"/>
        <line num="191" type="stmt" count="1"/>
        <line num="194" type="method" name="addMessage" visibility="public" complexity="2" crap="2" count="3"/>
        <line num="196" type="stmt" count="3"/>
        <line num="197" type="stmt" count="3"/>
        <line num="198" type="stmt" count="3"/>
        <line num="201" type="stmt" count="3"/>
        <line num="204" type="method" name="removeMessage" visibility="public" complexity="1" crap="1" count="1"/>
        <line num="206" type="stmt" count="1"/>
        <line num="208" type="stmt" count="1"/>
        <line num="211" type="method" name="hasUser" visibility="public" complexity="1" crap="1" count="1"/>
        <line num="213" type="stmt" count="1"/>
        <line num="214" type="stmt" count="1"/>
        <line num="215" type="stmt" count="1"/>
        <line num="218" type="method" name="getMemberCount" visibility="public" complexity="1" crap="1" count="1"/>
        <line num="221" type="stmt" count="1"/>
        <line num="222" type="stmt" count="1"/>
        <line num="223" type="stmt" count="1"/>
        <line num="227" type="method" name="getActiveParticipants" visibility="public" complexity="1" crap="1" count="1"/>
        <line num="229" type="stmt" count="1"/>
        <line num="230" type="stmt" count="1"/>
        <line num="231" type="stmt" count="1"/>
        <line num="234" type="method" name="getParticipantForUser" visibility="public" complexity="3" crap="3" count="1"/>
        <line num="236" type="stmt" count="1"/>
        <line num="237" type="stmt" count="1"/>
        <line num="238" type="stmt" count="1"/>
        <line num="242" type="stmt" count="1"/>
        <line num="245" type="method" name="isAdmin" visibility="public" complexity="2" crap="2" count="1"/>
        <line num="247" type="stmt" count="1"/>
        <line num="248" type="stmt" count="1"/>
        <line num="249" type="stmt" count="1"/>
        <line num="252" type="method" name="getLastMessage" visibility="public" complexity="2" crap="2" count="3"/>
        <line num="257" type="stmt" count="3"/>
        <line num="258" type="stmt" count="3"/>
        <line num="259" type="stmt" count="3"/>
        <line num="261" type="stmt" count="3"/>
        <line num="262" type="stmt" count="1"/>
        <line num="265" type="stmt" count="2"/>
        <line num="270" type="method" name="getUnreadCount" visibility="public" complexity="1" crap="1" count="2"/>
        <line num="276" type="stmt" count="2"/>
        <line num="279" type="method" name="setUnreadCount" visibility="public" complexity="1" crap="1" count="1"/>
        <line num="281" type="stmt" count="1"/>
        <line num="283" type="stmt" count="1"/>
        <line num="289" type="method" name="getFlattenedParticipants" visibility="public" complexity="1" crap="1" count="1"/>
        <line num="296" type="stmt" count="1"/>
        <line num="299" type="method" name="getMercureTopic" visibility="public" complexity="1" crap="1" count="1"/>
        <line num="305" type="stmt" count="1"/>
        <metrics loc="308" ncloc="300" classes="1" methods="22" coveredmethods="22" conditionals="0" coveredconditionals="0" statements="52" coveredstatements="52" elements="74" coveredelements="74"/>
      </file>
      <file name="/app/src/Entity/ConversationParticipant.php">
        <class name="App\Entity\ConversationParticipant" namespace="App\Entity">
          <metrics complexity="21" methods="21" coveredmethods="21" conditionals="0" coveredconditionals="0" statements="32" coveredstatements="32" elements="53" coveredelements="53"/>
        </class>
        <line num="54" type="method" name="__construct" visibility="public" complexity="1" crap="1" count="16"/>
        <line num="56" type="stmt" count="16"/>
        <line num="59" type="method" name="getId" visibility="public" complexity="1" crap="1" count="1"/>
        <line num="61" type="stmt" count="1"/>
        <line num="64" type="method" name="getConversation" visibility="public" complexity="1" crap="1" count="2"/>
        <line num="66" type="stmt" count="2"/>
        <line num="69" type="method" name="setConversation" visibility="public" complexity="1" crap="1" count="8"/>
        <line num="71" type="stmt" count="8"/>
        <line num="73" type="stmt" count="8"/>
        <line num="76" type="method" name="getUser" visibility="public" complexity="1" crap="1" count="5"/>
        <line num="78" type="stmt" count="5"/>
        <line num="81" type="method" name="setUser" visibility="public" complexity="1" crap="1" count="8"/>
        <line num="83" type="stmt" count="8"/>
        <line num="85" type="stmt" count="8"/>
        <line num="88" type="method" name="getJoinedAt" visibility="public" complexity="1" crap="1" count="2"/>
        <line num="90" type="stmt" count="2"/>
        <line num="93" type="method" name="setJoinedAt" visibility="public" complexity="1" crap="1" count="2"/>
        <line num="95" type="stmt" count="2"/>
        <line num="97" type="stmt" count="2"/>
        <line num="100" type="method" name="getLeftAt" visibility="public" complexity="1" crap="1" count="6"/>
        <line num="102" type="stmt" count="6"/>
        <line num="105" type="method" name="setLeftAt" visibility="public" complexity="1" crap="1" count="4"/>
        <line num="107" type="stmt" count="4"/>
        <line num="109" type="stmt" count="4"/>
        <line num="112" type="method" name="isActive" visibility="public" complexity="1" crap="1" count="2"/>
        <line num="114" type="stmt" count="2"/>
        <line num="117" type="method" name="leave" visibility="public" complexity="1" crap="1" count="1"/>
        <line num="119" type="stmt" count="1"/>
        <line num="121" type="stmt" count="1"/>
        <line num="124" type="method" name="getRole" visibility="public" complexity="1" crap="1" count="4"/>
        <line num="126" type="stmt" count="4"/>
        <line num="129" type="method" name="setRole" visibility="public" complexity="1" crap="1" count="4"/>
        <line num="131" type="stmt" count="4"/>
        <line num="133" type="stmt" count="4"/>
        <line num="136" type="method" name="isAdmin" visibility="public" complexity="1" crap="1" count="4"/>
        <line num="138" type="stmt" count="4"/>
        <line num="141" type="method" name="promoteToAdmin" visibility="public" complexity="1" crap="1" count="1"/>
        <line num="143" type="stmt" count="1"/>
        <line num="145" type="stmt" count="1"/>
        <line num="148" type="method" name="demoteToMember" visibility="public" complexity="1" crap="1" count="1"/>
        <line num="150" type="stmt" count="1"/>
        <line num="152" type="stmt" count="1"/>
        <line num="155" type="method" name="getUnreadCount" visibility="public" complexity="1" crap="1" count="4"/>
        <line num="157" type="stmt" count="4"/>
        <line num="160" type="method" name="setUnreadCount" visibility="public" complexity="1" crap="1" count="2"/>
        <line num="162" type="stmt" count="2"/>
        <line num="164" type="stmt" count="2"/>
        <line num="167" type="method" name="incrementUnreadCount" visibility="public" complexity="1" crap="1" count="1"/>
        <line num="169" type="stmt" count="1"/>
        <line num="171" type="stmt" count="1"/>
        <line num="174" type="method" name="resetUnreadCount" visibility="public" complexity="1" crap="1" count="1"/>
        <line num="176" type="stmt" count="1"/>
        <line num="178" type="stmt" count="1"/>
        <metrics loc="181" ncloc="181" classes="1" methods="21" coveredmethods="21" conditionals="0" coveredconditionals="0" statements="32" coveredstatements="32" elements="53" coveredelements="53"/>
      </file>
      <file name="/app/src/Entity/Follow.php">
        <class name="App\Entity\Follow" namespace="App\Entity">
          <metrics complexity="5" methods="5" coveredmethods="5" conditionals="0" coveredconditionals="0" statements="7" coveredstatements="7" elements="12" coveredelements="12"/>
        </class>
        <line num="52" type="method" name="getId" visibility="public" complexity="1" crap="1" count="1"/>
        <line num="54" type="stmt" count="1"/>
        <line num="57" type="method" name="getFollower" visibility="public" complexity="1" crap="1" count="1"/>
        <line num="59" type="stmt" count="1"/>
        <line num="62" type="method" name="setFollower" visibility="public" complexity="1" crap="1" count="1"/>
        <line num="64" type="stmt" count="1"/>
        <line num="66" type="stmt" count="1"/>
        <line num="69" type="method" name="getFollowedUser" visibility="public" complexity="1" crap="1" count="1"/>
        <line num="71" type="stmt" count="1"/>
        <line num="74" type="method" name="setFollowedUser" visibility="public" complexity="1" crap="1" count="1"/>
        <line num="76" type="stmt" count="1"/>
        <line num="78" type="stmt" count="1"/>
        <metrics loc="81" ncloc="79" classes="1" methods="5" coveredmethods="5" conditionals="0" coveredconditionals="0" statements="7" coveredstatements="7" elements="12" coveredelements="12"/>
      </file>
      <file name="/app/src/Entity/Like.php">
        <class name="App\Entity\Like" namespace="App\Entity">
          <metrics complexity="11" methods="7" coveredmethods="7" conditionals="0" coveredconditionals="0" statements="10" coveredstatements="10" elements="17" coveredelements="17"/>
        </class>
        <line num="69" type="method" name="getId" visibility="public" complexity="1" crap="1" count="1"/>
        <line num="71" type="stmt" count="1"/>
        <line num="74" type="method" name="getUser" visibility="public" complexity="1" crap="1" count="1"/>
        <line num="76" type="stmt" count="1"/>
        <line num="79" type="method" name="setUser" visibility="public" complexity="1" crap="1" count="1"/>
        <line num="81" type="stmt" count="1"/>
        <line num="83" type="stmt" count="1"/>
        <line num="86" type="method" name="getEntityId" visibility="public" complexity="1" crap="1" count="1"/>
        <line num="88" type="stmt" count="1"/>
        <line num="91" type="method" name="setEntityId" visibility="public" complexity="1" crap="1" count="1"/>
        <line num="93" type="stmt" count="1"/>
        <line num="95" type="stmt" count="1"/>
        <line num="98" type="method" name="getEntityClass" visibility="public" complexity="1" crap="1" count="3"/>
        <line num="100" type="stmt" count="3"/>
        <line num="103" type="method" name="setEntityClass" visibility="public" complexity="1" crap="1" count="3"/>
        <line num="105" type="stmt" count="3"/>
        <line num="107" type="stmt" count="3"/>
        <metrics loc="148" ncloc="138" classes="1" methods="7" coveredmethods="7" conditionals="0" coveredconditionals="0" statements="10" coveredstatements="10" elements="17" coveredelements="17"/>
      </file>
      <file name="/app/src/Entity/Message.php">
        <class name="App\Entity\Message" namespace="App\Entity">
          <metrics complexity="24" methods="23" coveredmethods="21" conditionals="0" coveredconditionals="0" statements="36" coveredstatements="33" elements="59" coveredelements="54"/>
        </class>
        <line num="171" type="method" name="getId" visibility="public" complexity="1" crap="1" count="6"/>
        <line num="173" type="stmt" count="6"/>
        <line num="176" type="method" name="getConversation" visibility="public" complexity="1" crap="1" count="4"/>
        <line num="178" type="stmt" count="4"/>
        <line num="181" type="method" name="setConversation" visibility="public" complexity="1" crap="1" count="9"/>
        <line num="183" type="stmt" count="9"/>
        <line num="185" type="stmt" count="9"/>
        <line num="188" type="method" name="getConversationId" visibility="public" complexity="1" crap="1" count="1"/>
        <line num="194" type="stmt" count="1"/>
        <line num="197" type="method" name="getAuthor" visibility="public" complexity="1" crap="1" count="5"/>
        <line num="199" type="stmt" count="5"/>
        <line num="202" type="method" name="setAuthor" visibility="public" complexity="1" crap="1" count="7"/>
        <line num="204" type="stmt" count="7"/>
        <line num="206" type="stmt" count="7"/>
        <line num="209" type="method" name="getType" visibility="public" complexity="1" crap="1" count="6"/>
        <line num="211" type="stmt" count="6"/>
        <line num="214" type="method" name="setType" visibility="public" complexity="1" crap="1" count="8"/>
        <line num="216" type="stmt" count="8"/>
        <line num="218" type="stmt" count="8"/>
        <line num="221" type="method" name="getContent" visibility="public" complexity="1" crap="1" count="7"/>
        <line num="223" type="stmt" count="7"/>
        <line num="226" type="method" name="setContent" visibility="public" complexity="1" crap="1" count="7"/>
        <line num="228" type="stmt" count="7"/>
        <line num="230" type="stmt" count="7"/>
        <line num="240" type="method" name="getTrack" visibility="public" complexity="1" crap="1" count="2"/>
        <line num="242" type="stmt" count="2"/>
        <line num="252" type="method" name="setTrack" visibility="public" complexity="1" crap="1" count="1"/>
        <line num="254" type="stmt" count="1"/>
        <line num="256" type="stmt" count="1"/>
        <line num="269" type="method" name="getTrackMetadata" visibility="public" complexity="1" crap="1" count="2"/>
        <line num="271" type="stmt" count="2"/>
        <line num="284" type="method" name="setTrackMetadata" visibility="public" complexity="1" crap="1" count="1"/>
        <line num="286" type="stmt" count="1"/>
        <line num="288" type="stmt" count="1"/>
        <line num="291" type="method" name="isMusicMessage" visibility="public" complexity="1" crap="1" count="4"/>
        <line num="293" type="stmt" count="4"/>
        <line num="296" type="method" name="isRead" visibility="public" complexity="1" crap="1" count="3"/>
        <line num="298" type="stmt" count="3"/>
        <line num="301" type="method" name="setIsRead" visibility="public" complexity="1" crap="1" count="1"/>
        <line num="303" type="stmt" count="1"/>
        <line num="305" type="stmt" count="1"/>
        <line num="308" type="method" name="getRead" visibility="public" complexity="1" crap="2" count="0"/>
        <line num="310" type="stmt" count="0"/>
        <line num="313" type="method" name="setRead" visibility="public" complexity="1" crap="2" count="0"/>
        <line num="315" type="stmt" count="0"/>
        <line num="317" type="stmt" count="0"/>
        <line num="320" type="method" name="getReadAt" visibility="public" complexity="1" crap="1" count="3"/>
        <line num="322" type="stmt" count="3"/>
        <line num="325" type="method" name="setReadAt" visibility="public" complexity="1" crap="1" count="1"/>
        <line num="327" type="stmt" count="1"/>
        <line num="329" type="stmt" count="1"/>
        <line num="332" type="method" name="markAsRead" visibility="public" complexity="1" crap="1" count="1"/>
        <line num="334" type="stmt" count="1"/>
        <line num="335" type="stmt" count="1"/>
        <line num="337" type="stmt" count="1"/>
        <line num="340" type="method" name="getMessagePreview" visibility="public" complexity="2" crap="2" count="3"/>
        <line num="345" type="stmt" count="3"/>
        <line num="346" type="stmt" count="2"/>
        <line num="349" type="stmt" count="2"/>
        <metrics loc="352" ncloc="299" classes="1" methods="23" coveredmethods="21" conditionals="0" coveredconditionals="0" statements="36" coveredstatements="33" elements="59" coveredelements="54"/>
      </file>
      <file name="/app/src/Entity/Post.php">
        <class name="App\Entity\Post" namespace="App\Entity">
          <metrics complexity="19" methods="19" coveredmethods="19" conditionals="0" coveredconditionals="0" statements="27" coveredstatements="27" elements="46" coveredelements="46"/>
        </class>
        <line num="166" type="method" name="__construct" visibility="public" complexity="1" crap="1" count="22"/>
        <line num="168" type="stmt" count="22"/>
        <line num="171" type="method" name="getId" visibility="public" complexity="1" crap="1" count="5"/>
        <line num="173" type="stmt" count="5"/>
        <line num="176" type="method" name="getUser" visibility="public" complexity="1" crap="1" count="1"/>
        <line num="178" type="stmt" count="1"/>
        <line num="181" type="method" name="setUser" visibility="public" complexity="1" crap="1" count="8"/>
        <line num="183" type="stmt" count="8"/>
        <line num="185" type="stmt" count="8"/>
        <line num="188" type="method" name="getCaption" visibility="public" complexity="1" crap="1" count="2"/>
        <line num="190" type="stmt" count="2"/>
        <line num="193" type="method" name="setCaption" visibility="public" complexity="1" crap="1" count="8"/>
        <line num="195" type="stmt" count="8"/>
        <line num="197" type="stmt" count="8"/>
        <line num="200" type="method" name="getTrack" visibility="public" complexity="1" crap="1" count="1"/>
        <line num="202" type="stmt" count="1"/>
        <line num="205" type="method" name="setTrack" visibility="public" complexity="1" crap="1" count="8"/>
        <line num="207" type="stmt" count="8"/>
        <line num="209" type="stmt" count="8"/>
        <line num="212" type="method" name="getFrontImage" visibility="public" complexity="1" crap="1" count="2"/>
        <line num="214" type="stmt" count="2"/>
        <line num="217" type="method" name="setFrontImage" visibility="public" complexity="1" crap="1" count="8"/>
        <line num="219" type="stmt" count="8"/>
        <line num="221" type="stmt" count="8"/>
        <line num="224" type="method" name="getBackImage" visibility="public" complexity="1" crap="1" count="2"/>
        <line num="226" type="stmt" count="2"/>
        <line num="229" type="method" name="setBackImage" visibility="public" complexity="1" crap="1" count="8"/>
        <line num="231" type="stmt" count="8"/>
        <line num="233" type="stmt" count="8"/>
        <line num="236" type="method" name="getLocation" visibility="public" complexity="1" crap="1" count="2"/>
        <line num="238" type="stmt" count="2"/>
        <line num="241" type="method" name="setLocation" visibility="public" complexity="1" crap="1" count="8"/>
        <line num="243" type="stmt" count="8"/>
        <line num="245" type="stmt" count="8"/>
        <line num="248" type="method" name="getCommentsCount" visibility="public" complexity="1" crap="1" count="2"/>
        <line num="250" type="stmt" count="2"/>
        <line num="253" type="method" name="setCommentsCount" visibility="public" complexity="1" crap="1" count="8"/>
        <line num="255" type="stmt" count="8"/>
        <line num="257" type="stmt" count="8"/>
        <line num="263" type="method" name="getComments" visibility="public" complexity="1" crap="1" count="4"/>
        <line num="265" type="stmt" count="4"/>
        <line num="268" type="method" name="getViewsCount" visibility="public" complexity="1" crap="1" count="1"/>
        <line num="270" type="stmt" count="1"/>
        <line num="273" type="method" name="setViewsCount" visibility="public" complexity="1" crap="1" count="1"/>
        <line num="275" type="stmt" count="1"/>
        <line num="277" type="stmt" count="1"/>
        <metrics loc="280" ncloc="274" classes="1" methods="19" coveredmethods="19" conditionals="0" coveredconditionals="0" statements="27" coveredstatements="27" elements="46" coveredelements="46"/>
      </file>
      <file name="/app/src/Entity/Report.php">
        <class name="App\Entity\Report" namespace="App\Entity">
          <metrics complexity="11" methods="11" coveredmethods="11" conditionals="0" coveredconditionals="0" statements="11" coveredstatements="11" elements="22" coveredelements="22"/>
        </class>
        <line num="74" type="method" name="getId" visibility="public" complexity="1" crap="1" count="1"/>
        <line num="76" type="stmt" count="1"/>
        <line num="79" type="method" name="getUser" visibility="public" complexity="1" crap="1" count="1"/>
        <line num="81" type="method" name="setUser" visibility="public" complexity="1" crap="1" count="5"/>
        <line num="83" type="method" name="getEntityId" visibility="public" complexity="1" crap="1" count="1"/>
        <line num="85" type="method" name="setEntityId" visibility="public" complexity="1" crap="1" count="5"/>
        <line num="87" type="method" name="getEntityClass" visibility="public" complexity="1" crap="1" count="1"/>
        <line num="89" type="method" name="setEntityClass" visibility="public" complexity="1" crap="1" count="5"/>
        <line num="91" type="method" name="getReason" visibility="public" complexity="1" crap="1" count="3"/>
        <line num="93" type="method" name="setReason" visibility="public" complexity="1" crap="1" count="5"/>
        <line num="95" type="method" name="getMessage" visibility="public" complexity="1" crap="1" count="3"/>
        <line num="97" type="method" name="setMessage" visibility="public" complexity="1" crap="1" count="5"/>
        <metrics loc="99" ncloc="99" classes="1" methods="11" coveredmethods="11" conditionals="0" coveredconditionals="0" statements="11" coveredstatements="11" elements="22" coveredelements="22"/>
      </file>
      <file name="/app/src/Entity/Search.php">
        <class name="App\Entity\Search" namespace="App\Entity">
          <metrics complexity="0" methods="0" coveredmethods="0" conditionals="0" coveredconditionals="0" statements="0" coveredstatements="0" elements="0" coveredelements="0"/>
        </class>
        <line num="13" type="stmt" count="0"/>
        <line num="14" type="stmt" count="0"/>
        <line num="15" type="stmt" count="0"/>
        <line num="16" type="stmt" count="0"/>
        <line num="17" type="stmt" count="0"/>
        <line num="18" type="stmt" count="0"/>
        <line num="19" type="stmt" count="0"/>
        <line num="20" type="stmt" count="0"/>
        <line num="21" type="stmt" count="0"/>
        <line num="22" type="stmt" count="0"/>
        <line num="23" type="stmt" count="0"/>
        <line num="24" type="stmt" count="0"/>
        <line num="25" type="stmt" count="0"/>
        <line num="26" type="stmt" count="0"/>
        <line num="27" type="stmt" count="0"/>
        <line num="28" type="stmt" count="0"/>
        <line num="29" type="stmt" count="0"/>
        <metrics loc="33" ncloc="33" classes="0" methods="0" coveredmethods="0" conditionals="0" coveredconditionals="0" statements="17" coveredstatements="0" elements="17" coveredelements="0"/>
      </file>
      <file name="/app/src/Entity/Token.php">
        <class name="App\Entity\Token" namespace="App\Entity">
          <metrics complexity="16" methods="16" coveredmethods="16" conditionals="0" coveredconditionals="0" statements="23" coveredstatements="23" elements="39" coveredelements="39"/>
        </class>
        <line num="47" type="method" name="getId" visibility="public" complexity="1" crap="1" count="1"/>
        <line num="49" type="stmt" count="1"/>
        <line num="52" type="method" name="getUser" visibility="public" complexity="1" crap="1" count="1"/>
        <line num="54" type="stmt" count="1"/>
        <line num="57" type="method" name="setUser" visibility="public" complexity="1" crap="1" count="1"/>
        <line num="59" type="stmt" count="1"/>
        <line num="61" type="stmt" count="1"/>
        <line num="64" type="method" name="getPlatform" visibility="public" complexity="1" crap="1" count="1"/>
        <line num="66" type="stmt" count="1"/>
        <line num="69" type="method" name="setPlatform" visibility="public" complexity="1" crap="1" count="1"/>
        <line num="71" type="stmt" count="1"/>
        <line num="73" type="stmt" count="1"/>
        <line num="76" type="method" name="getAccessToken" visibility="public" complexity="1" crap="1" count="1"/>
        <line num="78" type="stmt" count="1"/>
        <line num="81" type="method" name="setAccessToken" visibility="public" complexity="1" crap="1" count="1"/>
        <line num="83" type="stmt" count="1"/>
        <line num="85" type="stmt" count="1"/>
        <line num="88" type="method" name="getRefreshToken" visibility="public" complexity="1" crap="1" count="2"/>
        <line num="90" type="stmt" count="2"/>
        <line num="93" type="method" name="setRefreshToken" visibility="public" complexity="1" crap="1" count="1"/>
        <line num="95" type="stmt" count="1"/>
        <line num="97" type="stmt" count="1"/>
        <line num="100" type="method" name="getExpiresAt" visibility="public" complexity="1" crap="1" count="1"/>
        <line num="102" type="stmt" count="1"/>
        <line num="105" type="method" name="setExpiresAt" visibility="public" complexity="1" crap="1" count="3"/>
        <line num="107" type="stmt" count="3"/>
        <line num="109" type="stmt" count="3"/>
        <line num="112" type="method" name="getPlatformUserId" visibility="public" complexity="1" crap="1" count="1"/>
        <line num="114" type="stmt" count="1"/>
        <line num="117" type="method" name="setPlatformUserId" visibility="public" complexity="1" crap="1" count="1"/>
        <line num="119" type="stmt" count="1"/>
        <line num="121" type="stmt" count="1"/>
        <line num="125" type="method" name="getScopes" visibility="public" complexity="1" crap="1" count="2"/>
        <line num="127" type="stmt" count="2"/>
        <line num="131" type="method" name="setScopes" visibility="public" complexity="1" crap="1" count="1"/>
        <line num="133" type="stmt" count="1"/>
        <line num="135" type="stmt" count="1"/>
        <line num="138" type="method" name="isExpired" visibility="public" complexity="1" crap="1" count="2"/>
        <line num="140" type="stmt" count="2"/>
        <metrics loc="143" ncloc="140" classes="1" methods="16" coveredmethods="16" conditionals="0" coveredconditionals="0" statements="23" coveredstatements="23" elements="39" coveredelements="39"/>
      </file>
      <file name="/app/src/Entity/Track.php">
        <class name="App\Entity\Track" namespace="App\Entity">
          <metrics complexity="11" methods="11" coveredmethods="11" conditionals="0" coveredconditionals="0" statements="16" coveredstatements="16" elements="27" coveredelements="27"/>
        </class>
        <line num="109" type="method" name="getId" visibility="public" complexity="1" crap="1" count="3"/>
        <line num="111" type="stmt" count="3"/>
        <line num="114" type="method" name="getSongId" visibility="public" complexity="1" crap="1" count="3"/>
        <line num="116" type="stmt" count="3"/>
        <line num="119" type="method" name="setSongId" visibility="public" complexity="1" crap="1" count="10"/>
        <line num="121" type="stmt" count="10"/>
        <line num="123" type="stmt" count="10"/>
        <line num="126" type="method" name="getTitle" visibility="public" complexity="1" crap="1" count="3"/>
        <line num="128" type="stmt" count="3"/>
        <line num="131" type="method" name="setTitle" visibility="public" complexity="1" crap="1" count="10"/>
        <line num="133" type="stmt" count="10"/>
        <line num="135" type="stmt" count="10"/>
        <line num="138" type="method" name="getArtistName" visibility="public" complexity="1" crap="1" count="3"/>
        <line num="140" type="stmt" count="3"/>
        <line num="143" type="method" name="setArtistName" visibility="public" complexity="1" crap="1" count="10"/>
        <line num="145" type="stmt" count="10"/>
        <line num="147" type="stmt" count="10"/>
        <line num="150" type="method" name="getReleaseYear" visibility="public" complexity="1" crap="1" count="4"/>
        <line num="152" type="stmt" count="4"/>
        <line num="155" type="method" name="setReleaseYear" visibility="public" complexity="1" crap="1" count="11"/>
        <line num="157" type="stmt" count="11"/>
        <line num="159" type="stmt" count="11"/>
        <line num="162" type="method" name="getCoverImage" visibility="public" complexity="1" crap="1" count="4"/>
        <line num="164" type="stmt" count="4"/>
        <line num="167" type="method" name="setCoverImage" visibility="public" complexity="1" crap="1" count="11"/>
        <line num="169" type="stmt" count="11"/>
        <line num="171" type="stmt" count="11"/>
        <metrics loc="174" ncloc="174" classes="1" methods="11" coveredmethods="11" conditionals="0" coveredconditionals="0" statements="16" coveredstatements="16" elements="27" coveredelements="27"/>
      </file>
      <file name="/app/src/Entity/TrackSource.php">
        <class name="App\Entity\TrackSource" namespace="App\Entity">
          <metrics complexity="10" methods="9" coveredmethods="9" conditionals="0" coveredconditionals="0" statements="15" coveredstatements="15" elements="24" coveredelements="24"/>
        </class>
        <line num="72" type="method" name="getId" visibility="public" complexity="1" crap="1" count="1"/>
        <line num="74" type="stmt" count="1"/>
        <line num="77" type="method" name="getTrack" visibility="public" complexity="1" crap="1" count="1"/>
        <line num="79" type="stmt" count="1"/>
        <line num="82" type="method" name="setTrack" visibility="public" complexity="1" crap="1" count="1"/>
        <line num="84" type="stmt" count="1"/>
        <line num="86" type="stmt" count="1"/>
        <line num="89" type="method" name="getPlatform" visibility="public" complexity="1" crap="1" count="2"/>
        <line num="91" type="stmt" count="2"/>
        <line num="94" type="method" name="setPlatform" visibility="public" complexity="2" crap="2" count="3"/>
        <line num="96" type="stmt" count="3"/>
        <line num="97" type="stmt" count="1"/>
        <line num="100" type="stmt" count="2"/>
        <line num="102" type="stmt" count="2"/>
        <line num="105" type="method" name="getPlatformTrackId" visibility="public" complexity="1" crap="1" count="1"/>
        <line num="107" type="stmt" count="1"/>
        <line num="110" type="method" name="setPlatformTrackId" visibility="public" complexity="1" crap="1" count="1"/>
        <line num="112" type="stmt" count="1"/>
        <line num="114" type="stmt" count="1"/>
        <line num="120" type="method" name="getMetadata" visibility="public" complexity="1" crap="1" count="2"/>
        <line num="122" type="stmt" count="2"/>
        <line num="128" type="method" name="setMetadata" visibility="public" complexity="1" crap="1" count="1"/>
        <line num="130" type="stmt" count="1"/>
        <line num="132" type="stmt" count="1"/>
        <metrics loc="135" ncloc="122" classes="1" methods="9" coveredmethods="9" conditionals="0" coveredconditionals="0" statements="15" coveredstatements="15" elements="24" coveredelements="24"/>
      </file>
      <file name="/app/src/Entity/User.php">
        <class name="App\Entity\User" namespace="App\Entity">
          <metrics complexity="30" methods="28" coveredmethods="28" conditionals="0" coveredconditionals="0" statements="41" coveredstatements="41" elements="69" coveredelements="69"/>
        </class>
        <line num="199" type="method" name="__construct" visibility="public" complexity="1" crap="1" count="44"/>
        <line num="201" type="stmt" count="44"/>
        <line num="202" type="stmt" count="44"/>
        <line num="203" type="stmt" count="44"/>
        <line num="206" type="method" name="getId" visibility="public" complexity="1" crap="1" count="7"/>
        <line num="208" type="stmt" count="7"/>
        <line num="211" type="method" name="getUsername" visibility="public" complexity="1" crap="1" count="7"/>
        <line num="213" type="stmt" count="7"/>
        <line num="216" type="method" name="setUsername" visibility="public" complexity="1" crap="1" count="17"/>
        <line num="218" type="stmt" count="17"/>
        <line num="220" type="stmt" count="17"/>
        <line num="223" type="method" name="getEmail" visibility="public" complexity="1" crap="1" count="1"/>
        <line num="225" type="stmt" count="1"/>
        <line num="228" type="method" name="setEmail" visibility="public" complexity="1" crap="1" count="12"/>
        <line num="230" type="stmt" count="12"/>
        <line num="232" type="stmt" count="12"/>
        <line num="240" type="method" name="getUserIdentifier" visibility="public" complexity="1" crap="1" count="1"/>
        <line num="242" type="stmt" count="1"/>
        <line num="248" type="method" name="getRoles" visibility="public" complexity="1" crap="1" count="9"/>
        <line num="250" type="stmt" count="9"/>
        <line num="256" type="method" name="setRoles" visibility="public" complexity="1" crap="1" count="12"/>
        <line num="258" type="stmt" count="12"/>
        <line num="260" type="stmt" count="12"/>
        <line num="266" type="method" name="getPassword" visibility="public" complexity="1" crap="1" count="1"/>
        <line num="268" type="stmt" count="1"/>
        <line num="271" type="method" name="setPassword" visibility="public" complexity="1" crap="1" count="1"/>
        <line num="273" type="stmt" count="1"/>
        <line num="275" type="stmt" count="1"/>
        <line num="278" type="method" name="getPhoneNumber" visibility="public" complexity="1" crap="1" count="1"/>
        <line num="280" type="stmt" count="1"/>
        <line num="283" type="method" name="setPhoneNumber" visibility="public" complexity="1" crap="1" count="11"/>
        <line num="285" type="stmt" count="11"/>
        <line num="287" type="stmt" count="11"/>
        <line num="290" type="method" name="getProfilePicture" visibility="public" complexity="1" crap="1" count="6"/>
        <line num="292" type="stmt" count="6"/>
        <line num="295" type="method" name="setProfilePicture" visibility="public" complexity="1" crap="1" count="15"/>
        <line num="297" type="stmt" count="15"/>
        <line num="299" type="stmt" count="15"/>
        <line num="302" type="method" name="getBio" visibility="public" complexity="1" crap="1" count="2"/>
        <line num="304" type="stmt" count="2"/>
        <line num="307" type="method" name="setBio" visibility="public" complexity="1" crap="1" count="11"/>
        <line num="309" type="stmt" count="11"/>
        <line num="311" type="stmt" count="11"/>
        <line num="314" type="method" name="getIsVerified" visibility="public" complexity="1" crap="1" count="2"/>
        <line num="316" type="stmt" count="2"/>
        <line num="319" type="method" name="setIsVerified" visibility="public" complexity="1" crap="1" count="11"/>
        <line num="321" type="stmt" count="11"/>
        <line num="323" type="stmt" count="11"/>
        <line num="326" type="method" name="getNeedsProfile" visibility="public" complexity="1" crap="1" count="2"/>
        <line num="328" type="stmt" count="2"/>
        <line num="331" type="method" name="setNeedsProfile" visibility="public" complexity="1" crap="1" count="11"/>
        <line num="333" type="stmt" count="11"/>
        <line num="335" type="stmt" count="11"/>
        <line num="338" type="method" name="getDeviceToken" visibility="public" complexity="1" crap="1" count="1"/>
        <line num="340" type="stmt" count="1"/>
        <line num="343" type="method" name="setDeviceToken" visibility="public" complexity="1" crap="1" count="1"/>
        <line num="345" type="stmt" count="1"/>
        <line num="347" type="stmt" count="1"/>
        <line num="350" type="method" name="getFollowingCount" visibility="public" complexity="1" crap="1" count="1"/>
        <line num="353" type="stmt" count="1"/>
        <line num="356" type="method" name="getFollowersCount" visibility="public" complexity="1" crap="1" count="1"/>
        <line num="359" type="stmt" count="1"/>
        <line num="363" type="method" name="getFollowing" visibility="public" complexity="1" crap="1" count="1"/>
        <line num="366" type="stmt" count="1"/>
        <line num="370" type="method" name="getFollowers" visibility="public" complexity="1" crap="1" count="1"/>
        <line num="373" type="stmt" count="1"/>
        <line num="376" type="method" name="onPrePersist" visibility="public" complexity="2" crap="2" count="12"/>
        <line num="379" type="stmt" count="12"/>
        <line num="380" type="stmt" count="11"/>
        <metrics loc="400" ncloc="366" classes="1" methods="28" coveredmethods="28" conditionals="0" coveredconditionals="0" statements="41" coveredstatements="41" elements="69" coveredelements="69"/>
      </file>
      <file name="/app/src/Entity/VerificationUser.php">
        <class name="App\Entity\VerificationUser" namespace="App\Entity">
          <metrics complexity="7" methods="7" coveredmethods="7" conditionals="0" coveredconditionals="0" statements="10" coveredstatements="10" elements="17" coveredelements="17"/>
        </class>
        <line num="29" type="method" name="getId" visibility="public" complexity="1" crap="1" count="1"/>
        <line num="31" type="stmt" count="1"/>
        <line num="34" type="method" name="getEmail" visibility="public" complexity="1" crap="1" count="2"/>
        <line num="36" type="stmt" count="2"/>
        <line num="39" type="method" name="setEmail" visibility="public" complexity="1" crap="1" count="1"/>
        <line num="41" type="stmt" count="1"/>
        <line num="43" type="stmt" count="1"/>
        <line num="46" type="method" name="getCode" visibility="public" complexity="1" crap="1" count="2"/>
        <line num="48" type="stmt" count="2"/>
        <line num="51" type="method" name="setCode" visibility="public" complexity="1" crap="1" count="1"/>
        <line num="53" type="stmt" count="1"/>
        <line num="55" type="stmt" count="1"/>
        <line num="58" type="method" name="getExpiresAt" visibility="public" complexity="1" crap="1" count="2"/>
        <line num="60" type="stmt" count="2"/>
        <line num="63" type="method" name="setExpiresAt" visibility="public" complexity="1" crap="1" count="1"/>
        <line num="65" type="stmt" count="1"/>
        <line num="67" type="stmt" count="1"/>
        <metrics loc="70" ncloc="70" classes="1" methods="7" coveredmethods="7" conditionals="0" coveredconditionals="0" statements="10" coveredstatements="10" elements="17" coveredelements="17"/>
      </file>
    </package>
    <package name="App\Entity\Enum">
      <file name="/app/src/Entity/Enum/LikeableTypeEnum.php">
        <class name="App\Entity\Enum\LikeableTypeEnum" namespace="App\Entity\Enum">
          <metrics complexity="1" methods="1" coveredmethods="1" conditionals="0" coveredconditionals="0" statements="1" coveredstatements="1" elements="2" coveredelements="2"/>
        </class>
        <line num="20" type="method" name="values" visibility="public" complexity="1" crap="1" count="1"/>
        <line num="22" type="stmt" count="1"/>
        <metrics loc="25" ncloc="22" classes="1" methods="1" coveredmethods="1" conditionals="0" coveredconditionals="0" statements="1" coveredstatements="1" elements="2" coveredelements="2"/>
      </file>
      <file name="/app/src/Entity/Enum/MercureTypeEnum.php">
        <class name="App\Entity\Enum\MercureTypeEnum" namespace="App\Entity\Enum">
          <metrics complexity="1" methods="1" coveredmethods="1" conditionals="0" coveredconditionals="0" statements="1" coveredstatements="1" elements="2" coveredelements="2"/>
        </class>
        <line num="14" type="method" name="values" visibility="public" complexity="1" crap="1" count="1"/>
        <line num="16" type="stmt" count="1"/>
        <metrics loc="19" ncloc="16" classes="1" methods="1" coveredmethods="1" conditionals="0" coveredconditionals="0" statements="1" coveredstatements="1" elements="2" coveredelements="2"/>
      </file>
      <file name="/app/src/Entity/Enum/MusicPlatformEnum.php">
        <class name="App\Entity\Enum\MusicPlatformEnum" namespace="App\Entity\Enum">
          <metrics complexity="1" methods="1" coveredmethods="1" conditionals="0" coveredconditionals="0" statements="1" coveredstatements="1" elements="2" coveredelements="2"/>
        </class>
        <line num="16" type="method" name="values" visibility="public" complexity="1" crap="1" count="1"/>
        <line num="18" type="stmt" count="1"/>
        <metrics loc="21" ncloc="18" classes="1" methods="1" coveredmethods="1" conditionals="0" coveredconditionals="0" statements="1" coveredstatements="1" elements="2" coveredelements="2"/>
      </file>
      <file name="/app/src/Entity/Enum/ReportReasonEnum.php">
        <class name="App\Entity\Enum\ReportReasonEnum" namespace="App\Entity\Enum">
          <metrics complexity="7" methods="2" coveredmethods="2" conditionals="0" coveredconditionals="0" statements="8" coveredstatements="8" elements="10" coveredelements="10"/>
        </class>
        <line num="15" type="method" name="getLabel" visibility="public" complexity="6" crap="6" count="4"/>
        <line num="17" type="stmt" count="4"/>
        <line num="18" type="stmt" count="4"/>
        <line num="19" type="stmt" count="4"/>
        <line num="20" type="stmt" count="4"/>
        <line num="21" type="stmt" count="4"/>
        <line num="22" type="stmt" count="4"/>
        <line num="23" type="stmt" count="4"/>
        <line num="29" type="method" name="values" visibility="public" complexity="1" crap="1" count="1"/>
        <line num="31" type="stmt" count="1"/>
        <metrics loc="34" ncloc="31" classes="1" methods="2" coveredmethods="2" conditionals="0" coveredconditionals="0" statements="8" coveredstatements="8" elements="10" coveredelements="10"/>
      </file>
      <file name="/app/src/Entity/Enum/ReportableTypeEnum.php">
        <class name="App\Entity\Enum\ReportableTypeEnum" namespace="App\Entity\Enum">
          <metrics complexity="2" methods="2" coveredmethods="2" conditionals="0" coveredconditionals="0" statements="2" coveredstatements="2" elements="4" coveredelements="4"/>
        </class>
        <line num="17" type="method" name="toEntityClass" visibility="public" complexity="1" crap="1" count="7"/>
        <line num="19" type="stmt" count="7"/>
        <line num="25" type="method" name="values" visibility="public" complexity="1" crap="1" count="1"/>
        <line num="27" type="stmt" count="1"/>
        <metrics loc="30" ncloc="27" classes="1" methods="2" coveredmethods="2" conditionals="0" coveredconditionals="0" statements="2" coveredstatements="2" elements="4" coveredelements="4"/>
      </file>
    </package>
    <file name="/app/src/Entity/Interface/LikeableInterface.php">
      <metrics loc="23" ncloc="23" classes="0" methods="0" coveredmethods="0" conditionals="0" coveredconditionals="0" statements="0" coveredstatements="0" elements="0" coveredelements="0"/>
    </file>
    <file name="/app/src/Entity/Interface/TimeStampableInterface.php">
      <metrics loc="17" ncloc="17" classes="0" methods="0" coveredmethods="0" conditionals="0" coveredconditionals="0" statements="0" coveredstatements="0" elements="0" coveredelements="0"/>
    </file>
    <package name="App\Entity\Trait">
      <file name="/app/src/Entity/Trait/LikeableTrait.php">
        <class name="App\Entity\Trait\LikeableTrait" namespace="App\Entity\Trait">
          <metrics complexity="4" methods="4" coveredmethods="4" conditionals="0" coveredconditionals="0" statements="4" coveredstatements="4" elements="8" coveredelements="8"/>
        </class>
        <line num="21" type="method" name="getLikesCount" visibility="public" complexity="1" crap="1" count="6"/>
        <line num="23" type="stmt" count="6"/>
        <line num="26" type="method" name="setLikesCount" visibility="public" complexity="1" crap="1" count="5"/>
        <line num="28" type="stmt" count="5"/>
        <line num="31" type="method" name="getIsLiked" visibility="public" complexity="1" crap="1" count="4"/>
        <line num="33" type="stmt" count="4"/>
        <line num="36" type="method" name="setIsLiked" visibility="public" complexity="1" crap="1" count="3"/>
        <line num="38" type="stmt" count="3"/>
        <metrics loc="41" ncloc="41" classes="1" methods="4" coveredmethods="4" conditionals="0" coveredconditionals="0" statements="4" coveredstatements="4" elements="8" coveredelements="8"/>
      </file>
      <file name="/app/src/Entity/Trait/TimeStampableTrait.php">
        <class name="App\Entity\Trait\TimeStampableTrait" namespace="App\Entity\Trait">
          <metrics complexity="4" methods="4" coveredmethods="4" conditionals="0" coveredconditionals="0" statements="6" coveredstatements="6" elements="10" coveredelements="10"/>
        </class>
        <line num="42" type="method" name="setCreatedAt" visibility="public" complexity="1" crap="1" count="31"/>
        <line num="45" type="stmt" count="31"/>
        <line num="46" type="stmt" count="31"/>
        <line num="47" type="stmt" count="31"/>
        <line num="50" type="method" name="setUpdatedAt" visibility="public" complexity="1" crap="1" count="1"/>
        <line num="53" type="stmt" count="1"/>
        <line num="56" type="method" name="getCreatedAt" visibility="public" complexity="1" crap="1" count="20"/>
        <line num="58" type="stmt" count="20"/>
        <line num="61" type="method" name="getUpdatedAt" visibility="public" complexity="1" crap="1" count="17"/>
        <line num="63" type="stmt" count="17"/>
        <metrics loc="66" ncloc="66" classes="1" methods="4" coveredmethods="4" conditionals="0" coveredconditionals="0" statements="6" coveredstatements="6" elements="10" coveredelements="10"/>
      </file>
    </package>
    <package name="App\Message">
      <file name="/app/src/Message/LikeCreatedMessage.php">
        <class name="App\Message\LikeCreatedMessage" namespace="App\Message">
          <metrics complexity="1" methods="1" coveredmethods="1" conditionals="0" coveredconditionals="0" statements="1" coveredstatements="1" elements="2" coveredelements="2"/>
        </class>
        <line num="8" type="method" name="__construct" visibility="public" complexity="1" crap="1" count="3"/>
        <line num="10" type="stmt" count="3"/>
        <metrics loc="12" ncloc="12" classes="1" methods="1" coveredmethods="1" conditionals="0" coveredconditionals="0" statements="1" coveredstatements="1" elements="2" coveredelements="2"/>
      </file>
      <file name="/app/src/Message/PersistPostViewsMessage.php">
        <class name="App\Message\PersistPostViewsMessage" namespace="App\Message">
          <metrics complexity="2" methods="2" coveredmethods="2" conditionals="0" coveredconditionals="0" statements="2" coveredstatements="2" elements="4" coveredelements="4"/>
        </class>
        <line num="12" type="method" name="__construct" visibility="public" complexity="1" crap="1" count="2"/>
        <line num="15" type="stmt" count="2"/>
        <line num="17" type="method" name="getPostId" visibility="public" complexity="1" crap="1" count="2"/>
        <line num="19" type="stmt" count="2"/>
        <metrics loc="22" ncloc="22" classes="1" methods="2" coveredmethods="2" conditionals="0" coveredconditionals="0" statements="2" coveredstatements="2" elements="4" coveredelements="4"/>
      </file>
    </package>
    <package name="App\MessageHandler">
      <file name="/app/src/MessageHandler/LikeCreatedHandler.php">
        <class name="App\MessageHandler\LikeCreatedHandler" namespace="App\MessageHandler">
          <metrics complexity="5" methods="2" coveredmethods="2" conditionals="0" coveredconditionals="0" statements="17" coveredstatements="17" elements="19" coveredelements="19"/>
        </class>
        <line num="15" type="method" name="__construct" visibility="public" complexity="1" crap="1" count="3"/>
        <line num="18" type="stmt" count="3"/>
        <line num="20" type="method" name="__invoke" visibility="public" complexity="4" crap="4" count="3"/>
        <line num="22" type="stmt" count="3"/>
        <line num="23" type="stmt" count="3"/>
        <line num="24" type="stmt" count="1"/>
        <line num="27" type="stmt" count="2"/>
        <line num="28" type="stmt" count="2"/>
        <line num="30" type="stmt" count="2"/>
        <line num="31" type="stmt" count="1"/>
        <line num="34" type="stmt" count="1"/>
        <line num="35" type="stmt" count="1"/>
        <line num="36" type="stmt" count="1"/>
        <line num="37" type="stmt" count="1"/>
        <line num="38" type="stmt" count="1"/>
        <line num="39" type="stmt" count="1"/>
        <line num="40" type="stmt" count="1"/>
        <line num="41" type="stmt" count="1"/>
        <line num="42" type="stmt" count="1"/>
        <metrics loc="45" ncloc="45" classes="1" methods="2" coveredmethods="2" conditionals="0" coveredconditionals="0" statements="17" coveredstatements="17" elements="19" coveredelements="19"/>
      </file>
      <file name="/app/src/MessageHandler/PersistPostViewsMessageHandler.php">
        <class name="App\MessageHandler\PersistPostViewsMessageHandler" namespace="App\MessageHandler">
          <metrics complexity="3" methods="2" coveredmethods="2" conditionals="0" coveredconditionals="0" statements="6" coveredstatements="6" elements="8" coveredelements="8"/>
        </class>
        <line num="16" type="method" name="__construct" visibility="public" complexity="1" crap="1" count="2"/>
        <line num="20" type="stmt" count="2"/>
        <line num="22" type="method" name="__invoke" visibility="public" complexity="2" crap="2" count="2"/>
        <line num="24" type="stmt" count="2"/>
        <line num="25" type="stmt" count="2"/>
        <line num="27" type="stmt" count="2"/>
        <line num="28" type="stmt" count="1"/>
        <line num="31" type="stmt" count="1"/>
        <metrics loc="34" ncloc="34" classes="1" methods="2" coveredmethods="2" conditionals="0" coveredconditionals="0" statements="6" coveredstatements="6" elements="8" coveredelements="8"/>
      </file>
    </package>
    <package name="App\Util">
      <file name="/app/src/Util/ReflectionUtil.php">
        <class name="App\Util\ReflectionUtil" namespace="App\Util">
          <metrics complexity="2" methods="2" coveredmethods="2" conditionals="0" coveredconditionals="0" statements="2" coveredstatements="2" elements="4" coveredelements="4"/>
        </class>
        <line num="12" type="method" name="getPropertyValue" visibility="public" complexity="1" crap="1" count="7"/>
        <line num="14" type="stmt" count="7"/>
        <line num="20" type="method" name="setPropertyValue" visibility="public" complexity="1" crap="1" count="12"/>
        <line num="22" type="stmt" count="12"/>
        <metrics loc="25" ncloc="19" classes="1" methods="2" coveredmethods="2" conditionals="0" coveredconditionals="0" statements="2" coveredstatements="2" elements="4" coveredelements="4"/>
      </file>
    </package>
    <metrics files="66" loc="4320" ncloc="4057" classes="43" methods="235" coveredmethods="233" conditionals="0" coveredconditionals="0" statements="417" coveredstatements="397" elements="652" coveredelements="630"/>
  </project>
</coverage>
